running develop
running egg_info
creating task02.egg-info
writing task02.egg-info/PKG-INFO
writing dependency_links to task02.egg-info/dependency_links.txt
writing entry points to task02.egg-info/entry_points.txt
writing requirements to task02.egg-info/requires.txt
writing top-level names to task02.egg-info/top_level.txt
writing manifest file 'task02.egg-info/SOURCES.txt'
reading manifest file 'task02.egg-info/SOURCES.txt'
writing manifest file 'task02.egg-info/SOURCES.txt'
running build_ext
Creating /ws/Practice02/install/task02/lib/python3.10/site-packages/task02.egg-link (link to .)
Installing publisher script to /ws/Practice02/install/task02/lib/task02

Installed /ws/Practice02/build/task02
running symlink_data
creating /ws/Practice02/install/task02/share/ament_index
creating /ws/Practice02/install/task02/share/ament_index/resource_index
creating /ws/Practice02/install/task02/share/ament_index/resource_index/packages
symbolically linking /ws/Practice02/build/task02/resource/task02 -> /ws/Practice02/install/task02/share/ament_index/resource_index/packages
symbolically linking /ws/Practice02/build/task02/package.xml -> /ws/Practice02/install/task02/share/task02
creating /ws/Practice02/install/task02/share/task02/launch
symbolically linking /ws/Practice02/build/task02/launch/task02.launch.py -> /ws/Practice02/install/task02/share/task02/launch
creating /ws/Practice02/install/task02/share/task02/config
symbolically linking /ws/Practice02/build/task02/config/task02.yaml -> /ws/Practice02/install/task02/share/task02/config
