[0.264s] Invoking command in '/ws/Practice02/build/task02': PYTHONPATH=/ws/Practice02/build/task02/prefix_override:/usr/lib/python3/dist-packages/colcon_core/task/python/colcon_distutils_commands:/ws/Practice02/install/task02/lib/python3.10/site-packages:${PYTHONPATH} /usr/bin/python3 -W ignore:setup.py install is deprecated -W ignore:easy_install command is deprecated setup.py develop --editable --build-directory /ws/Practice02/build/task02/build --no-deps symlink_data
[0.348s] running develop
[0.378s] running egg_info
[0.378s] creating task02.egg-info
[0.378s] writing task02.egg-info/PKG-INFO
[0.379s] writing dependency_links to task02.egg-info/dependency_links.txt
[0.379s] writing entry points to task02.egg-info/entry_points.txt
[0.380s] writing requirements to task02.egg-info/requires.txt
[0.380s] writing top-level names to task02.egg-info/top_level.txt
[0.381s] writing manifest file 'task02.egg-info/SOURCES.txt'
[0.384s] reading manifest file 'task02.egg-info/SOURCES.txt'
[0.385s] writing manifest file 'task02.egg-info/SOURCES.txt'
[0.387s] running build_ext
[0.387s] Creating /ws/Practice02/install/task02/lib/python3.10/site-packages/task02.egg-link (link to .)
[0.388s] Installing publisher script to /ws/Practice02/install/task02/lib/task02
[0.394s] 
[0.394s] Installed /ws/Practice02/build/task02
[0.394s] running symlink_data
[0.394s] creating /ws/Practice02/install/task02/share/ament_index
[0.395s] creating /ws/Practice02/install/task02/share/ament_index/resource_index
[0.395s] creating /ws/Practice02/install/task02/share/ament_index/resource_index/packages
[0.395s] symbolically linking /ws/Practice02/build/task02/resource/task02 -> /ws/Practice02/install/task02/share/ament_index/resource_index/packages
[0.397s] symbolically linking /ws/Practice02/build/task02/package.xml -> /ws/Practice02/install/task02/share/task02
[0.398s] creating /ws/Practice02/install/task02/share/task02/launch
[0.399s] symbolically linking /ws/Practice02/build/task02/launch/task02.launch.py -> /ws/Practice02/install/task02/share/task02/launch
[0.399s] creating /ws/Practice02/install/task02/share/task02/config
[0.400s] symbolically linking /ws/Practice02/build/task02/config/task02.yaml -> /ws/Practice02/install/task02/share/task02/config
[0.411s] Invoked command in '/ws/Practice02/build/task02' returned '0': PYTHONPATH=/ws/Practice02/build/task02/prefix_override:/usr/lib/python3/dist-packages/colcon_core/task/python/colcon_distutils_commands:/ws/Practice02/install/task02/lib/python3.10/site-packages:${PYTHONPATH} /usr/bin/python3 -W ignore:setup.py install is deprecated -W ignore:easy_install command is deprecated setup.py develop --editable --build-directory /ws/Practice02/build/task02/build --no-deps symlink_data
